<?xml version="1.0" encoding="UTF-8"?>
<testsuite xmlns:xsi="http://www.w3.org/2001/XMLSchema-instance" xsi:noNamespaceSchemaLocation="https://maven.apache.org/surefire/maven-surefire-plugin/xsd/surefire-test-report-3.0.xsd" version="3.0" name="TestSuite" time="31.801" tests="1" errors="0" skipped="0" failures="0">
  <properties>
[...]
</properties>
  <testcase name="test1" classname="restAPI.EndToEndTest" time="28.966">
    <system-out><![CDATA[[TestNGContentHandler] [WARN] It is strongly recommended to add "<!DOCTYPE suite SYSTEM "http://testng.org/testng-1.0.dtd" >" at the top of your file, otherwise TestNG may fail or not work as expected.
All the employees
[
  {
    "id": 1,
    "name": "Pankaj",
    "salary": "10000"
  },
  {
    "name": "Raman",
    "salary": "50000",
    "id": 2
  },
  {
    "name": "Hitesh",
    "salary": "1000",
    "id": 3
  },
  {
    "name": "Dinesh",
    "salary": "50000",
    "id": 4
  },
  {
    "name": "Mamta",
    "salary": "50000",
    "id": 6
  },
  {
    "name": "Rama",
    "salary": "50000",
    "id": 7
  },
  {
    "name": "Raman",
    "salary": "50000",
    "id": 8
  },
  {
    "name": "Ranjit",
    "salary": "55000",
    "id": 9
  },
  {
    "id": 10
  },
  {
    "name": "Ranjt",
    "salary": "55000",
    "id": 12
  },
  {
    "id": 13
  },
  {
    "name": "John",
    "salary": "65000",
    "id": 14
  },
  {
    "name": "Rani",
    "salary": "55000",
    "id": 16
  },
  {
    "name": "Rohit",
    "salary": "50000",
    "id": 17
  },
  {
    "name": "Rama",
    "salary": "65000",
    "id": 18
  },
  {
    "name": "Ramashankar",
    "salary": "75000",
    "id": 19
  },
  {
    "name": "Rohit",
    "salary": "50000",
    "id": 20
  },
  {
    "name": "Raman",
    "salary": "50000",
    "id": 21
  },
  {
    "name": "Anita",
    "salary": "5000",
    "id": 22
  },
  {
    "name": "Mohan",
    "salary": "50000",
    "id": 23
  },
  {
    "name": "John",
    "salary": "8000",
    "id": 24
  },
  {
    "name": "John",
    "salary": "8000",
    "id": 25
  },
  {
    "name": "John",
    "salary": "8000",
    "id": 26
  },
  {
    "name": "John",
    "salary": "8000",
    "id": 27
  },
  {
    "name": "John",
    "salary": "8000",
    "id": 28
  },
  {
    "name": "John",
    "salary": "8000",
    "id": 29
  },
  {
    "name": "John",
    "salary": "8000",
    "id": 30
  },
  {
    "name": "John",
    "salary": "8000",
    "id": 31
  }
]
The new employee is: 
The name is: John
The updated name is: 
{
  "name": "Smith",
  "salary": "8000",
  "id": 32
}
The name is: Smith
All the employees
[
  {
    "id": 1,
    "name": "Pankaj",
    "salary": "10000"
  },
  {
    "name": "Raman",
    "salary": "50000",
    "id": 2
  },
  {
    "name": "Hitesh",
    "salary": "1000",
    "id": 3
  },
  {
    "name": "Dinesh",
    "salary": "50000",
    "id": 4
  },
  {
    "name": "Mamta",
    "salary": "50000",
    "id": 6
  },
  {
    "name": "Rama",
    "salary": "50000",
    "id": 7
  },
  {
    "name": "Raman",
    "salary": "50000",
    "id": 8
  },
  {
    "name": "Ranjit",
    "salary": "55000",
    "id": 9
  },
  {
    "id": 10
  },
  {
    "name": "Ranjt",
    "salary": "55000",
    "id": 12
  },
  {
    "id": 13
  },
  {
    "name": "John",
    "salary": "65000",
    "id": 14
  },
  {
    "name": "Rani",
    "salary": "55000",
    "id": 16
  },
  {
    "name": "Rohit",
    "salary": "50000",
    "id": 17
  },
  {
    "name": "Rama",
    "salary": "65000",
    "id": 18
  },
  {
    "name": "Ramashankar",
    "salary": "75000",
    "id": 19
  },
  {
    "name": "Rohit",
    "salary": "50000",
    "id": 20
  },
  {
    "name": "Raman",
    "salary": "50000",
    "id": 21
  },
  {
    "name": "Anita",
    "salary": "5000",
    "id": 22
  },
  {
    "name": "Mohan",
    "salary": "50000",
    "id": 23
  },
  {
    "name": "John",
    "salary": "8000",
    "id": 24
  },
  {
    "name": "John",
    "salary": "8000",
    "id": 25
  },
  {
    "name": "John",
    "salary": "8000",
    "id": 26
  },
  {
    "name": "John",
    "salary": "8000",
    "id": 27
  },
  {
    "name": "John",
    "salary": "8000",
    "id": 28
  },
  {
    "name": "John",
    "salary": "8000",
    "id": 29
  },
  {
    "name": "John",
    "salary": "8000",
    "id": 30
  },
  {
    "name": "John",
    "salary": "8000",
    "id": 31
  }
]
]]></system-out>
  </testcase>
</testsuite>